{"total": {"lines":{"total":140,"covered":70,"skipped":0,"pct":50},"statements":{"total":162,"covered":78,"skipped":0,"pct":48.14},"functions":{"total":40,"covered":20,"skipped":0,"pct":50},"branches":{"total":41,"covered":18,"skipped":0,"pct":43.9},"branchesTrue":{"total":0,"covered":0,"skipped":0,"pct":"Unknown"}}
,"/Users/mac/Documents/employee-salary-management/src/SimpleLogger.ts": {"lines":{"total":23,"covered":12,"skipped":0,"pct":52.17},"functions":{"total":10,"covered":5,"skipped":0,"pct":50},"statements":{"total":28,"covered":15,"skipped":0,"pct":53.57},"branches":{"total":3,"covered":1,"skipped":0,"pct":33.33}}
,"/Users/mac/Documents/employee-salary-management/src/csv-extractor.ts": {"lines":{"total":37,"covered":28,"skipped":0,"pct":75.67},"functions":{"total":11,"covered":9,"skipped":0,"pct":81.81},"statements":{"total":40,"covered":30,"skipped":0,"pct":75},"branches":{"total":12,"covered":9,"skipped":0,"pct":75}}
,"/Users/mac/Documents/employee-salary-management/src/uploader.ts": {"lines":{"total":80,"covered":30,"skipped":0,"pct":37.5},"functions":{"total":19,"covered":6,"skipped":0,"pct":31.57},"statements":{"total":94,"covered":33,"skipped":0,"pct":35.1},"branches":{"total":26,"covered":8,"skipped":0,"pct":30.76}}
}
